<?xml version="1.0" encoding="UTF-8"?>
<!-- Generated by org.testng.reporters.JUnitReportReporter -->
<testsuite skipped="0" hostname="VIN-PC" name="exercises.SMSWorkUK" tests="1" failures="0" timestamp="2020-08-04T15:02:38 IST" time="8.924" errors="0">
  <testcase name="singleMessage" time="8.924" classname="exercises.SMSWorkUK"/>
  <system-out/>
</testsuite> <!-- exercises.SMSWorkUK -->
