<?xml version="1.0" encoding="UTF-8"?>
<!-- Generated by org.testng.reporters.JUnitReportReporter -->
<testsuite skipped="0" hostname="VIN-PC" name="smsworks.GetMessage" tests="1" failures="0" timestamp="2020-08-04T20:34:37 IST" time="19.820" errors="0">
  <testcase name="getMsgID" time="19.820" classname="smsworks.GetMessage"/>
  <system-out/>
</testsuite> <!-- smsworks.GetMessage -->
