<?xml version="1.0" encoding="UTF-8"?>
<!-- Generated by org.testng.reporters.JUnitReportReporter -->
<testsuite skipped="0" hostname="VIN-PC" name="smsworks.CancelMessage" tests="1" failures="0" timestamp="2020-08-04T20:41:51 IST" time="5.085" errors="0">
  <testcase name="cancelMsg" time="5.085" classname="smsworks.CancelMessage"/>
  <system-out/>
</testsuite> <!-- smsworks.CancelMessage -->
