<?xml version="1.0" encoding="UTF-8"?>
<!-- Generated by org.testng.reporters.JUnitReportReporter -->
<testsuite skipped="0" hostname="VIN-PC" name="smsworks.ScheduleBatchMessage" tests="1" failures="0" timestamp="2020-08-04T20:39:22 IST" time="4.826" errors="0">
  <testcase name="scheduleBatchMsg" time="4.826" classname="smsworks.ScheduleBatchMessage"/>
  <system-out/>
</testsuite> <!-- smsworks.ScheduleBatchMessage -->
